Clientes SRI inicializados correctamente - Ambiente: pruebas
Clientes SRI inicializados correctamente - Ambiente: pruebas
Clientes SRI inicializados correctamente - Ambiente: pruebas
Clientes SRI inicializados correctamente - Ambiente: pruebas
Clientes SRI inicializados correctamente - Ambiente: pruebas
Clientes SRI inicializados correctamente - Ambiente: pruebas
Clientes SRI inicializados correctamente - Ambiente: pruebas
Clientes SRI inicializados correctamente - Ambiente: pruebas
Clientes SRI inicializados correctamente - Ambiente: pruebas
Clientes SRI inicializados correctamente - Ambiente: pruebas
Clientes SRI inicializados correctamente - Ambiente: pruebas
Consulta autorización - Clave: 2108202501171395901100110029990000000038213708619 - Estado: AUTORIZADO
Clientes SRI inicializados correctamente - Ambiente: pruebas
Consulta autorización - Clave: 2108202501171395901100110029990000000038213708619 - Estado: AUTORIZADO
Clientes SRI inicializados correctamente - Ambiente: pruebas
Consulta autorización - Clave: 2108202501171395901100110029990000000038213708619 - Estado: AUTORIZADO
Clientes SRI inicializados correctamente - Ambiente: pruebas
Comprobante enviado - Clave: 2008202501171395901100110029990000000043336452812 - Estado: RECIBIDA
Clientes SRI inicializados correctamente - Ambiente: pruebas
Consulta autorización - Clave: 2008202501171395901100110029990000000043336452812 - Estado: AUTORIZADO
Clientes SRI inicializados correctamente - Ambiente: pruebas
Comprobante enviado - Clave: 2108202501171395901100110029990000000057088874018 - Estado: RECIBIDA
Clientes SRI inicializados correctamente - Ambiente: pruebas
Consulta autorización - Clave: 2108202501171395901100110029990000000057088874018 - Estado: AUTORIZADO
Clientes SRI inicializados correctamente - Ambiente: produccion
Clientes SRI inicializados correctamente - Ambiente: produccion
Clientes SRI inicializados correctamente - Ambiente: produccion
Clientes SRI inicializados correctamente - Ambiente: produccion
Clientes SRI inicializados correctamente - Ambiente: produccion
Clientes SRI inicializados correctamente - Ambiente: produccion
Clientes SRI inicializados correctamente - Ambiente: produccion
Clientes SRI inicializados correctamente - Ambiente: produccion
Clientes SRI inicializados correctamente - Ambiente: produccion
Clientes SRI inicializados correctamente - Ambiente: produccion
Comprobante enviado - Clave: 3108202501171395901100120029990000000033496294610 - Estado: RECIBIDA
Clientes SRI inicializados correctamente - Ambiente: produccion
Consulta autorización - Clave: 3108202501171395901100120029990000000033496294610 - Estado: NO AUTORIZADO
Clientes SRI inicializados correctamente - Ambiente: produccion
Consulta autorización - Clave: 3108202501171395901100120029990000000033496294610 - Estado: NO AUTORIZADO
